2026-07-01T02:53:46	REMOVED	supporterlu38.xyz	type=domain	id=919804	added=2025-04-09 00:19:53.339632
2026-07-01T02:53:46	REMOVED	basvurzmr.com.tr	type=domain	id=971234	added=2025-07-17 18:21:39.125397
2026-07-01T02:53:46	REMOVED	temmuzdabasliyoruz.web.tr	type=domain	id=971668	added=2025-07-18 14:56:14.922765
2026-07-01T02:53:46	REMOVED	bireyselsatisci.com.tr	type=domain	id=971672	added=2025-07-18 14:59:31.574228
2026-07-01T02:53:46	REMOVED	aldintemmuzdason.web.tr	type=domain	id=971706	added=2025-07-18 16:24:09.856142
2026-07-01T02:53:46	REMOVED	temmuzunkampanyasi.biz.tr	type=domain	id=971820	added=2025-07-18 17:43:58.393246
2026-07-01T02:53:46	REMOVED	aldintemmuzdason.name.tr	type=domain	id=971922	added=2025-07-18 19:32:37.116691
2026-07-01T02:53:46	REMOVED	izeltasfirsat.com.tr	type=domain	id=971950	added=2025-07-18 20:00:29.089344
2026-07-01T02:53:46	REMOVED	izeltasfirsat.com.tr	type=domain	id=971952	added=2025-07-18 20:00:42.838063
2026-07-01T02:53:46	REMOVED	stormi1ng.com.tr	type=domain	id=971978	added=2025-07-18 20:57:54.899774
2026-07-01T02:53:46	REMOVED	hizliteslimaturun.name.tr	type=domain	id=972366	added=2025-07-20 09:53:19.121364
2026-07-01T02:53:46	REMOVED	hizliteslimaturun.name.tr	type=domain	id=972368	added=2025-07-20 09:53:56.669026
2026-07-01T02:53:46	REMOVED	temmuzdabasliyoruz.name.tr	type=domain	id=972410	added=2025-07-20 12:12:45.96596
2026-07-01T02:53:46	REMOVED	basvursmc.com.tr	type=domain	id=972416	added=2025-07-20 12:41:18.484749
2026-07-01T02:53:46	REMOVED	temmuzdabasliyoruz.org.tr	type=domain	id=972448	added=2025-07-20 13:44:09.497823
2026-07-01T02:53:46	REMOVED	temmuzdabasliyoruz.net.tr	type=domain	id=972472	added=2025-07-20 14:24:05.096796
2026-07-01T02:53:46	REMOVED	temmuzdabasliyoruz.com.tr	type=domain	id=972496	added=2025-07-20 15:17:29.839213
2026-07-01T02:53:46	REMOVED	yakuzasofware.com.tr	type=domain	id=972550	added=2025-07-20 17:43:45.099628
2026-07-01T02:53:46	REMOVED	temmuzunkampanyasi.name.tr	type=domain	id=972564	added=2025-07-20 18:15:08.554895
2026-07-01T02:53:46	REMOVED	a112.brightvista.cfd	type=domain	id=1011560	added=2025-10-01 13:04:42.395294
2026-07-01T02:53:46	REMOVED	saidozdemir.com	type=domain	id=1122500	added=2026-06-01 15:12:27.429825
2026-07-01T02:53:46	REMOVED	chiselworksenterprise.com	type=domain	id=1122508	added=2026-06-01 15:12:27.429825
2026-07-01T02:53:46	REMOVED	intrawld.com	type=domain	id=1122510	added=2026-06-01 15:12:27.429825
